D:\QINIU\录播视频\项目实战_推箱子游戏\BOXMAN\BOXMAN\DEBUG\BOX_MAN.OBJ
D:\QINIU\录播视频\项目实战_推箱子游戏\BOXMAN\BOXMAN\DEBUG\BOXMAN.EXE.EMBED.MANIFEST
D:\QINIU\录播视频\项目实战_推箱子游戏\BOXMAN\BOXMAN\DEBUG\BOXMAN.EXE.EMBED.MANIFEST.RES
D:\QINIU\录播视频\项目实战_推箱子游戏\BOXMAN\BOXMAN\DEBUG\BOXMAN.EXE.INTERMEDIATE.MANIFEST
D:\qiniu\录播视频\项目实战_推箱子游戏\boxman\boxman\Debug\boxman.write.1.tlog
D:\qiniu\录播视频\项目实战_推箱子游戏\boxman\boxman\Debug\boxman_manifest.rc
D:\qiniu\录播视频\项目实战_推箱子游戏\boxman\boxman\Debug\cl.command.1.tlog
D:\qiniu\录播视频\项目实战_推箱子游戏\boxman\boxman\Debug\CL.read.1.tlog
D:\qiniu\录播视频\项目实战_推箱子游戏\boxman\boxman\Debug\CL.write.1.tlog
D:\qiniu\录播视频\项目实战_推箱子游戏\boxman\boxman\Debug\link.24092.read.1.tlog
D:\qiniu\录播视频\项目实战_推箱子游戏\boxman\boxman\Debug\link.24092.write.1.tlog
D:\qiniu\录播视频\项目实战_推箱子游戏\boxman\boxman\Debug\link.24092-cvtres.read.1.tlog
D:\qiniu\录播视频\项目实战_推箱子游戏\boxman\boxman\Debug\link.24092-cvtres.write.1.tlog
D:\qiniu\录播视频\项目实战_推箱子游戏\boxman\boxman\Debug\link.command.1.tlog
D:\qiniu\录播视频\项目实战_推箱子游戏\boxman\boxman\Debug\link.read.1.tlog
D:\qiniu\录播视频\项目实战_推箱子游戏\boxman\boxman\Debug\link.write.1.tlog
D:\qiniu\录播视频\项目实战_推箱子游戏\boxman\boxman\Debug\link-cvtres.read.1.tlog
D:\qiniu\录播视频\项目实战_推箱子游戏\boxman\boxman\Debug\link-cvtres.write.1.tlog
D:\qiniu\录播视频\项目实战_推箱子游戏\boxman\boxman\Debug\mt.command.1.tlog
D:\qiniu\录播视频\项目实战_推箱子游戏\boxman\boxman\Debug\mt.read.1.tlog
D:\qiniu\录播视频\项目实战_推箱子游戏\boxman\boxman\Debug\mt.write.1.tlog
D:\qiniu\录播视频\项目实战_推箱子游戏\boxman\boxman\Debug\rc.command.1.tlog
D:\qiniu\录播视频\项目实战_推箱子游戏\boxman\boxman\Debug\rc.read.1.tlog
D:\qiniu\录播视频\项目实战_推箱子游戏\boxman\boxman\Debug\rc.write.1.tlog
D:\qiniu\录播视频\项目实战_推箱子游戏\boxman\boxman\Debug\vc100.idb
D:\QINIU\录播视频\项目实战_推箱子游戏\BOXMAN\BOXMAN\DEBUG\VC100.PDB
D:\QINIU\录播视频\项目实战_推箱子游戏\BOXMAN\DEBUG\BOXMAN.EXE
D:\QINIU\录播视频\项目实战_推箱子游戏\BOXMAN\DEBUG\BOXMAN.ILK
D:\QINIU\录播视频\项目实战_推箱子游戏\BOXMAN\DEBUG\BOXMAN.PDB
